<?xml version="1.0" encoding="UTF-8"?>
<!-- Generated by org.testng.reporters.JUnitReportReporter -->
<testsuite hostname="DESKTOP-PGP0HSS" failures="0" tests="1" name="RestAssured.RestAssured.PutRequest" time="10.649" errors="0" timestamp="2022-09-08T17:19:19 IST" skipped="0">
  <testcase classname="RestAssured.RestAssured.PutRequest" name="putrequest" time="10.649"/>
  <system-out/>
</testsuite> <!-- RestAssured.RestAssured.PutRequest -->
