<?xml version="1.0" encoding="UTF-8"?>
<!-- Generated by org.testng.reporters.JUnitReportReporter -->
<testsuite hostname="DESKTOP-PGP0HSS" failures="0" tests="1" name="RestAssured.RestAssured.PostRequest" time="11.741" errors="0" timestamp="2022-09-08T00:45:48 IST" skipped="0">
  <testcase classname="RestAssured.RestAssured.PostRequest" name="postRequest" time="11.741"/>
  <system-out/>
</testsuite> <!-- RestAssured.RestAssured.PostRequest -->
