<?xml version="1.0" encoding="UTF-8"?>
<!-- Generated by org.testng.reporters.JUnitReportReporter -->
<testsuite hostname="DESKTOP-PGP0HSS" failures="0" tests="1" name="RestAssured.RestAssured.DeleteRequest" time="8.459" errors="0" timestamp="2022-09-08T17:52:31 IST" skipped="0">
  <testcase classname="RestAssured.RestAssured.DeleteRequest" name="deleterequest" time="8.459"/>
  <system-out/>
</testsuite> <!-- RestAssured.RestAssured.DeleteRequest -->
