<?xml version="1.0" encoding="UTF-8"?>
<!-- Generated by org.testng.reporters.JUnitReportReporter -->
<testsuite hostname="DESKTOP-PGP0HSS" failures="0" tests="1" name="RestAssured.RestAssured.GetRequest" time="16.266" errors="0" timestamp="2022-09-08T00:25:00 IST" skipped="0">
  <testcase classname="RestAssured.RestAssured.GetRequest" name="getRequest" time="16.266"/>
  <system-out/>
</testsuite> <!-- RestAssured.RestAssured.GetRequest -->
