<?xml version="1.0" encoding="UTF-8"?>
<!-- Generated by org.testng.reporters.JUnitReportReporter -->
<testsuite hostname="DESKTOP-PGP0HSS" failures="0" tests="1" name="RestAssured.RestAssured.ValidateResponeTime" time="8.378" errors="0" timestamp="2022-09-10T14:10:23 IST" skipped="0">
  <testcase classname="RestAssured.RestAssured.ValidateResponeTime" name="getvalidateResponseTime" time="8.378"/>
  <system-out/>
</testsuite> <!-- RestAssured.RestAssured.ValidateResponeTime -->
