<?xml version="1.0" encoding="UTF-8"?>
<!-- Generated by org.testng.reporters.JUnitReportReporter -->
<testsuite hostname="DESKTOP-PGP0HSS" failures="0" tests="1" name="RestAssured.RestAssured.BasicAuth" time="10.061" errors="0" timestamp="2022-09-10T14:15:09 IST" skipped="0">
  <testcase classname="RestAssured.RestAssured.BasicAuth" name="basicAuth" time="10.061"/>
  <system-out/>
</testsuite> <!-- RestAssured.RestAssured.BasicAuth -->
